<?xml version="1.0" encoding="UTF-8"?>
<!-- Generated by org.testng.reporters.JUnitReportReporter -->
<testsuite hostname="Suhass-MacBook-Air.local" failures="0" tests="1" name="com.tekpyramid.responsevalidation.VerifyResponseTime" time="0.627" errors="0" timestamp="2024-06-30T15:09:40 IST" skipped="0">
  <testcase classname="com.tekpyramid.responsevalidation.VerifyResponseTime" name="responseValidation" time="0.627"/>
  <system-out/>
</testsuite> <!-- com.tekpyramid.responsevalidation.VerifyResponseTime -->
