<?xml version="1.0" encoding="UTF-8"?>
<!-- Generated by org.testng.reporters.JUnitReportReporter -->
<testsuite hostname="Suhass-MacBook-Air.local" failures="0" tests="1" name="practice.withbdd.CreateTest" time="0.502" errors="0" timestamp="2024-06-27T09:54:50 IST" skipped="0">
  <testcase classname="practice.withbdd.CreateTest" name="createDataIntoServer" time="0.502"/>
  <system-out/>
</testsuite> <!-- practice.withbdd.CreateTest -->
