<?xml version="1.0" encoding="UTF-8"?>
<!-- Generated by org.testng.reporters.JUnitReportReporter -->
<testsuite hostname="Suhass-MacBook-Air.local" failures="0" tests="1" name="practice.withbdd.CompleteUpdateTest" time="0.504" errors="0" timestamp="2024-06-27T10:33:21 IST" skipped="0">
  <testcase classname="practice.withbdd.CompleteUpdateTest" name="updateTest" time="0.504"/>
  <system-out/>
</testsuite> <!-- practice.withbdd.CompleteUpdateTest -->
