<?xml version="1.0" encoding="UTF-8"?>
<!-- Generated by org.testng.reporters.JUnitReportReporter -->
<testsuite hostname="Suhass-MacBook-Air.local" failures="0" tests="1" name="practice.requestchaining.Scenario1_DeleteProject" time="0.843" errors="0" timestamp="2024-06-30T17:56:15 IST" skipped="0">
  <testcase classname="practice.requestchaining.Scenario1_DeleteProject" name="createDataIntoServer" time="0.843"/>
  <system-out/>
</testsuite> <!-- practice.requestchaining.Scenario1_DeleteProject -->
