<?xml version="1.0" encoding="UTF-8"?>
<!-- Generated by org.testng.reporters.JUnitReportReporter -->
<testsuite hostname="Suhass-MacBook-Air.local" failures="0" tests="1" name="com.tekpyramid.encryption.APIEncodeTest" time="0.572" errors="0" timestamp="2024-06-26T13:28:45 IST" skipped="0">
  <testcase classname="com.tekpyramid.encryption.APIEncodeTest" name="apiEncodeTest" time="0.572"/>
  <system-out/>
</testsuite> <!-- com.tekpyramid.encryption.APIEncodeTest -->
