<?xml version="1.0" encoding="UTF-8"?>
<!-- Generated by org.testng.reporters.JUnitReportReporter -->
<testsuite hostname="Suhass-MacBook-Air.local" failures="0" tests="1" name="practice.responsevalidation.VerifyDataFromComplexJSONUsingXpath" time="0.549" errors="0" timestamp="2024-06-30T16:53:07 IST" skipped="0">
  <testcase classname="practice.responsevalidation.VerifyDataFromComplexJSONUsingXpath" name="verifyDataFromComplexJSON" time="0.549"/>
  <system-out/>
</testsuite> <!-- practice.responsevalidation.VerifyDataFromComplexJSONUsingXpath -->
