<?xml version="1.0" encoding="UTF-8"?>
<!-- Generated by org.testng.reporters.JUnitReportReporter -->
<testsuite hostname="Suhass-MacBook-Air.local" failures="0" tests="1" name="com.tekpyramid.petstore.uploadimage.uploadImageForShopperStack" time="2.462" errors="0" timestamp="2024-08-05T18:28:31 IST" skipped="0">
  <testcase classname="com.tekpyramid.petstore.uploadimage.uploadImageForShopperStack" name="uploadImageIntoServer" time="2.462"/>
  <system-out/>
</testsuite> <!-- com.tekpyramid.petstore.uploadimage.uploadImageForShopperStack -->
