<?xml version="1.0" encoding="UTF-8"?>
<!-- Generated by org.testng.reporters.JUnitReportReporter -->
<testsuite hostname="Suhass-MacBook-Air.local" failures="0" tests="1" name="com.tekpyramid.typesofparameters.FormParameter" time="0.480" errors="0" timestamp="2024-07-01T18:28:28 IST" skipped="0">
  <testcase classname="com.tekpyramid.typesofparameters.FormParameter" name="sampleTest" time="0.480"/>
  <system-out/>
</testsuite> <!-- com.tekpyramid.typesofparameters.FormParameter -->
