<?xml version="1.0" encoding="UTF-8"?>
<!-- Generated by org.testng.reporters.JUnitReportReporter -->
<testsuite hostname="Suhass-MacBook-Air.local" failures="0" tests="1" name="practice.withoutbdd.ReadTest" time="0.670" errors="0" timestamp="2024-06-26T17:46:48 IST" skipped="0">
  <testcase classname="practice.withoutbdd.ReadTest" name="readDataFromServer" time="0.670"/>
  <system-out/>
</testsuite> <!-- practice.withoutbdd.ReadTest -->
