<?xml version="1.0" encoding="UTF-8"?>
<!-- Generated by org.testng.reporters.JUnitReportReporter -->
<testsuite hostname="Suhass-MacBook-Air.local" failures="0" tests="1" name="com.tekpyramid.responsevalidation.VerifyResponseHeader" time="0.626" errors="0" timestamp="2024-06-30T14:58:37 IST" skipped="0">
  <testcase classname="com.tekpyramid.responsevalidation.VerifyResponseHeader" name="responseValidation" time="0.626"/>
  <system-out/>
</testsuite> <!-- com.tekpyramid.responsevalidation.VerifyResponseHeader -->
