<?xml version="1.0" encoding="UTF-8"?>
<!-- Generated by org.testng.reporters.JUnitReportReporter -->
<testsuite hostname="Suhass-MacBook-Air.local" failures="0" tests="1" name="com.tekpyramid.crudwithoutbdd.ReadTest" time="0.538" errors="0" timestamp="2024-06-21T17:36:00 IST" skipped="0">
  <testcase classname="com.tekpyramid.crudwithoutbdd.ReadTest" name="getDataFromServer" time="0.538"/>
  <system-out/>
</testsuite> <!-- com.tekpyramid.crudwithoutbdd.ReadTest -->
