<?xml version="1.0" encoding="UTF-8"?>
<!-- Generated by org.testng.reporters.JUnitReportReporter -->
<testsuite hostname="Suhass-MacBook-Air.local" failures="0" tests="1" name="practice.withoutbdd.CreateTest" time="1.577" errors="0" timestamp="2024-06-26T17:35:13 IST" skipped="0">
  <testcase classname="practice.withoutbdd.CreateTest" name="createDataIntoServer" time="1.577"/>
  <system-out/>
</testsuite> <!-- practice.withoutbdd.CreateTest -->
