<?xml version="1.0" encoding="UTF-8"?>
<!-- Generated by org.testng.reporters.JUnitReportReporter -->
<testsuite hostname="Suhass-MacBook-Air.local" failures="0" tests="1" name="com.tekpyramid.crudwithbdd.ReadTest" time="0.525" errors="0" timestamp="2024-06-27T10:01:21 IST" skipped="0">
  <testcase classname="com.tekpyramid.crudwithbdd.ReadTest" name="getDataFromServer" time="0.525"/>
  <system-out/>
</testsuite> <!-- com.tekpyramid.crudwithbdd.ReadTest -->
