<?xml version="1.0" encoding="UTF-8"?>
<!-- Generated by org.testng.reporters.JUnitReportReporter -->
<testsuite hostname="Suhass-MacBook-Air.local" failures="0" tests="1" name="com.tekpyramid.authorization.BasicAuth" time="0.663" errors="0" timestamp="2024-06-26T10:01:45 IST" skipped="0">
  <testcase classname="com.tekpyramid.authorization.BasicAuth" name="basicAuthTest" time="0.663"/>
  <system-out/>
</testsuite> <!-- com.tekpyramid.authorization.BasicAuth -->
