<?xml version="1.0" encoding="UTF-8"?>
<!-- Generated by org.testng.reporters.JUnitReportReporter -->
<testsuite hostname="Suhass-MacBook-Air.local" failures="0" tests="1" name="com.tekpyramid.responsevalidation.VerifyResponseBodyViaJSONPath" time="0.746" errors="0" timestamp="2024-06-30T16:00:51 IST" skipped="0">
  <testcase classname="com.tekpyramid.responsevalidation.VerifyResponseBodyViaJSONPath" name="responseValidation" time="0.746"/>
  <system-out/>
</testsuite> <!-- com.tekpyramid.responsevalidation.VerifyResponseBodyViaJSONPath -->
