<?xml version="1.0" encoding="UTF-8"?>
<!-- Generated by org.testng.reporters.JUnitReportReporter -->
<testsuite hostname="Suhass-MacBook-Air.local" failures="0" tests="1" name="com.tekpyramid.crudwithoutbdd.CreateTest" time="0.665" errors="0" timestamp="2024-07-02T10:22:34 IST" skipped="0">
  <testcase classname="com.tekpyramid.crudwithoutbdd.CreateTest" name="createDataIntoServer" time="0.665"/>
  <system-out/>
</testsuite> <!-- com.tekpyramid.crudwithoutbdd.CreateTest -->
