<?xml version="1.0" encoding="UTF-8"?>
<!-- Generated by org.testng.reporters.JUnitReportReporter -->
<testsuite hostname="Suhass-MacBook-Air.local" failures="0" tests="1" name="com.tekpyramid.typesofparameters.PathParameter" time="3.963" errors="0" timestamp="2024-07-01T18:01:22 IST" skipped="0">
  <testcase classname="com.tekpyramid.typesofparameters.PathParameter" name="sampleTest" time="3.963"/>
  <system-out/>
</testsuite> <!-- com.tekpyramid.typesofparameters.PathParameter -->
