<?xml version="1.0" encoding="UTF-8"?>
<!-- Generated by org.testng.reporters.JUnitReportReporter -->
<testsuite hostname="Suhass-MacBook-Air.local" failures="0" tests="1" name="com.tekpyramid.authorization.DigestiveAuth" time="0.651" errors="0" timestamp="2024-06-26T10:07:35 IST" skipped="0">
  <testcase classname="com.tekpyramid.authorization.DigestiveAuth" name="digestiveAuthTest" time="0.651"/>
  <system-out/>
</testsuite> <!-- com.tekpyramid.authorization.DigestiveAuth -->
