<?xml version="1.0" encoding="UTF-8"?>
<!-- Generated by org.testng.reporters.JUnitReportReporter -->
<testsuite hostname="Suhass-MacBook-Air.local" failures="0" tests="1" name="com.tekpyramid.authorization.Oauth2" time="3.864" errors="0" timestamp="2024-06-26T12:37:12 IST" skipped="0">
  <testcase classname="com.tekpyramid.authorization.Oauth2" name="oauth2Test" time="3.864"/>
  <system-out/>
</testsuite> <!-- com.tekpyramid.authorization.Oauth2 -->
