<?xml version="1.0" encoding="UTF-8"?>
<!-- Generated by org.testng.reporters.JUnitReportReporter -->
<testsuite hostname="Suhass-MacBook-Air.local" failures="0" tests="1" name="practice.withoutbdd.PartialUpdateTest" time="0.552" errors="0" timestamp="2024-06-26T17:56:14 IST" skipped="0">
  <testcase classname="practice.withoutbdd.PartialUpdateTest" name="updateTest" time="0.552"/>
  <system-out/>
</testsuite> <!-- practice.withoutbdd.PartialUpdateTest -->
