<?xml version="1.0" encoding="UTF-8"?>
<!-- Generated by org.testng.reporters.JUnitReportReporter -->
<testsuite hostname="Suhass-MacBook-Air.local" failures="0" tests="1" name="com.tekpyramid.typesofparameters.ParamParameter" time="0.509" errors="0" timestamp="2024-07-01T18:30:37 IST" skipped="0">
  <testcase classname="com.tekpyramid.typesofparameters.ParamParameter" name="sampleTest" time="0.509"/>
  <system-out/>
</testsuite> <!-- com.tekpyramid.typesofparameters.ParamParameter -->
