<?xml version="1.0" encoding="UTF-8"?>
<!-- Generated by org.testng.reporters.JUnitReportReporter -->
<testsuite hostname="Suhass-MacBook-Air.local" failures="0" tests="1" name="com.tekpyramid.restassured.sampletest.SampleTest" time="3.016" errors="0" timestamp="2024-06-21T10:30:12 IST" skipped="0">
  <testcase classname="com.tekpyramid.restassured.sampletest.SampleTest" name="sampleGetReqTest" time="3.016"/>
  <system-out/>
</testsuite> <!-- com.tekpyramid.restassured.sampletest.SampleTest -->
