<?xml version="1.0" encoding="UTF-8"?>
<!-- Generated by org.testng.reporters.JUnitReportReporter -->
<testsuite hostname="Suhass-MacBook-Air.local" failures="0" tests="1" name="com.tekpyramid.requestchaining.Scenario2_AddEmployeeToProject" time="0.943" errors="0" timestamp="2024-06-25T11:55:39 IST" skipped="0">
  <testcase classname="com.tekpyramid.requestchaining.Scenario2_AddEmployeeToProject" name="createDataIntoServer" time="0.943"/>
  <system-out/>
</testsuite> <!-- com.tekpyramid.requestchaining.Scenario2_AddEmployeeToProject -->
