<?xml version="1.0" encoding="UTF-8"?>
<!-- Generated by org.testng.reporters.JUnitReportReporter -->
<testsuite hostname="Suhass-MacBook-Air.local" failures="0" tests="3" name="com.tekpyramid.datadriventesting.AddMultipleProject" time="0.526" errors="0" timestamp="2024-06-27T16:42:18 IST" skipped="0">
  <testcase classname="com.tekpyramid.datadriventesting.AddMultipleProject" name="sampleTest" time="0.028"/>
  <system-out/>
  <testcase classname="com.tekpyramid.datadriventesting.AddMultipleProject" name="sampleTest" time="0.019"/>
  <system-out/>
  <testcase classname="com.tekpyramid.datadriventesting.AddMultipleProject" name="sampleTest" time="0.479"/>
  <system-out/>
</testsuite> <!-- com.tekpyramid.datadriventesting.AddMultipleProject -->
