<?xml version="1.0" encoding="UTF-8"?>
<!-- Generated by org.testng.reporters.JUnitReportReporter -->
<testsuite hostname="Suhass-MacBook-Air.local" failures="0" tests="1" name="com.tekpyramid.responsevalidation.VerifyDataFromComplexJSONUsingXpath" time="0.536" errors="0" timestamp="2024-06-30T16:35:29 IST" skipped="0">
  <testcase classname="com.tekpyramid.responsevalidation.VerifyDataFromComplexJSONUsingXpath" name="responseValidation" time="0.536"/>
  <system-out/>
</testsuite> <!-- com.tekpyramid.responsevalidation.VerifyDataFromComplexJSONUsingXpath -->
