<?xml version="1.0" encoding="UTF-8"?>
<!-- Generated by org.testng.reporters.JUnitReportReporter -->
<testsuite hostname="Suhass-MacBook-Air.local" failures="0" tests="1" name="practice.withbdd.PartialUpdateTest" time="0.524" errors="0" timestamp="2024-06-27T10:18:31 IST" skipped="0">
  <testcase classname="practice.withbdd.PartialUpdateTest" name="updateTest" time="0.524"/>
  <system-out/>
</testsuite> <!-- practice.withbdd.PartialUpdateTest -->
