<?xml version="1.0" encoding="UTF-8"?>
<!-- Generated by org.testng.reporters.JUnitReportReporter -->
<testsuite hostname="Suhass-MacBook-Air.local" failures="0" tests="1" name="practice.withbdd.DeleteTest" time="0.485" errors="0" timestamp="2024-06-27T10:38:06 IST" skipped="0">
  <testcase classname="practice.withbdd.DeleteTest" name="sampleTest" time="0.485"/>
  <system-out/>
</testsuite> <!-- practice.withbdd.DeleteTest -->
