<?xml version="1.0" encoding="UTF-8"?>
<!-- Generated by org.testng.reporters.JUnitReportReporter -->
<testsuite hostname="Suhass-MacBook-Air.local" failures="0" tests="1" name="com.tekpyramid.encryption.EncodeAndDecodeTest" time="0.003" errors="0" timestamp="2024-06-26T13:16:47 IST" skipped="0">
  <testcase classname="com.tekpyramid.encryption.EncodeAndDecodeTest" name="sampleTest" time="0.003"/>
  <system-out/>
</testsuite> <!-- com.tekpyramid.encryption.EncodeAndDecodeTest -->
