<?xml version="1.0" encoding="UTF-8"?>
<!-- Generated by org.testng.reporters.JUnitReportReporter -->
<testsuite hostname="Suhass-MacBook-Air.local" failures="0" tests="1" name="com.tekpyramid.postrequest.PostRequestViaJSONFile" time="0.519" errors="0" timestamp="2024-06-24T15:00:39 IST" skipped="0">
  <testcase classname="com.tekpyramid.postrequest.PostRequestViaJSONFile" name="createDataIntoServer" time="0.519"/>
  <system-out/>
</testsuite> <!-- com.tekpyramid.postrequest.PostRequestViaJSONFile -->
