<?xml version="1.0" encoding="UTF-8"?>
<!-- Generated by org.testng.reporters.JUnitReportReporter -->
<testsuite hostname="Suhass-MacBook-Air.local" failures="0" tests="1" name="practice.responsevalidation.VerifyResponseHeader" time="0.655" errors="0" timestamp="2024-06-30T15:08:45 IST" skipped="0">
  <testcase classname="practice.responsevalidation.VerifyResponseHeader" name="verifyResponse" time="0.655"/>
  <system-out/>
</testsuite> <!-- practice.responsevalidation.VerifyResponseHeader -->
