<?xml version="1.0" encoding="UTF-8"?>
<!-- Generated by org.testng.reporters.JUnitReportReporter -->
<testsuite hostname="Suhass-MacBook-Air.local" failures="0" tests="10" name="com.tekpyramid.datadriventesting.AddMultipleProjectWithDataProviderAndDDT" time="0.652" errors="0" timestamp="2024-06-27T17:40:50 IST" skipped="0">
  <testcase classname="com.tekpyramid.datadriventesting.AddMultipleProjectWithDataProviderAndDDT" name="sampleTest" time="0.455"/>
  <system-out/>
  <testcase classname="com.tekpyramid.datadriventesting.AddMultipleProjectWithDataProviderAndDDT" name="sampleTest" time="0.017"/>
  <system-out/>
  <testcase classname="com.tekpyramid.datadriventesting.AddMultipleProjectWithDataProviderAndDDT" name="sampleTest" time="0.017"/>
  <system-out/>
  <testcase classname="com.tekpyramid.datadriventesting.AddMultipleProjectWithDataProviderAndDDT" name="sampleTest" time="0.017"/>
  <system-out/>
  <testcase classname="com.tekpyramid.datadriventesting.AddMultipleProjectWithDataProviderAndDDT" name="sampleTest" time="0.023"/>
  <system-out/>
  <testcase classname="com.tekpyramid.datadriventesting.AddMultipleProjectWithDataProviderAndDDT" name="sampleTest" time="0.036"/>
  <system-out/>
  <testcase classname="com.tekpyramid.datadriventesting.AddMultipleProjectWithDataProviderAndDDT" name="sampleTest" time="0.017"/>
  <system-out/>
  <testcase classname="com.tekpyramid.datadriventesting.AddMultipleProjectWithDataProviderAndDDT" name="sampleTest" time="0.029"/>
  <system-out/>
  <testcase classname="com.tekpyramid.datadriventesting.AddMultipleProjectWithDataProviderAndDDT" name="sampleTest" time="0.018"/>
  <system-out/>
  <testcase classname="com.tekpyramid.datadriventesting.AddMultipleProjectWithDataProviderAndDDT" name="sampleTest" time="0.023"/>
  <system-out/>
</testsuite> <!-- com.tekpyramid.datadriventesting.AddMultipleProjectWithDataProviderAndDDT -->
