<?xml version="1.0" encoding="UTF-8"?>
<!-- Generated by org.testng.reporters.JUnitReportReporter -->
<testsuite hostname="Suhass-MacBook-Air.local" failures="0" tests="1" name="practice.testing.MethodChainingSampleTest" time="0.693" errors="0" timestamp="2024-06-26T15:58:00 IST" skipped="0">
  <testcase classname="practice.testing.MethodChainingSampleTest" name="sampleTest" time="0.693"/>
  <system-out/>
</testsuite> <!-- practice.testing.MethodChainingSampleTest -->
