<?xml version="1.0" encoding="UTF-8"?>
<!-- Generated by org.testng.reporters.JUnitReportReporter -->
<testsuite hostname="Suhass-MacBook-Air.local" failures="0" tests="1" name="practice.testing.ExecuteMethodChaining" time="0.004" errors="0" timestamp="2024-06-26T17:00:43 IST" skipped="0">
  <testcase classname="practice.testing.ExecuteMethodChaining" name="sampleTest" time="0.004"/>
  <system-out/>
</testsuite> <!-- practice.testing.ExecuteMethodChaining -->
