<?xml version="1.0" encoding="UTF-8"?>
<!-- Generated by org.testng.reporters.JUnitReportReporter -->
<testsuite hostname="Suhass-MacBook-Air.local" failures="0" tests="1" name="com.tekpyramid.crudwithoutbdd.DeleteTest" time="0.485" errors="0" timestamp="2024-06-21T18:38:21 IST" skipped="0">
  <testcase classname="com.tekpyramid.crudwithoutbdd.DeleteTest" name="deleteDataFromServer" time="0.485"/>
  <system-out/>
</testsuite> <!-- com.tekpyramid.crudwithoutbdd.DeleteTest -->
