<?xml version="1.0" encoding="UTF-8"?>
<!-- Generated by org.testng.reporters.JUnitReportReporter -->
<testsuite hostname="Suhass-MacBook-Air.local" failures="0" tests="1" name="com.tekpyramid.encryption.UpdatePayrollViaAESEncryption" time="0.533" errors="0" timestamp="2024-06-27T15:35:03 IST" skipped="0">
  <testcase classname="com.tekpyramid.encryption.UpdatePayrollViaAESEncryption" name="sampleTest" time="0.533"/>
  <system-out/>
</testsuite> <!-- com.tekpyramid.encryption.UpdatePayrollViaAESEncryption -->
