<?xml version="1.0" encoding="UTF-8"?>
<!-- Generated by org.testng.reporters.JUnitReportReporter -->
<testsuite hostname="Suhass-MacBook-Air.local" failures="0" tests="1" name="practice.postrequest.POSTRequestViaPOJO" time="0.702" errors="0" timestamp="2024-06-30T14:55:48 IST" skipped="0">
  <testcase classname="practice.postrequest.POSTRequestViaPOJO" name="createDataIntoServer" time="0.702"/>
  <system-out/>
</testsuite> <!-- practice.postrequest.POSTRequestViaPOJO -->
