<?xml version="1.0" encoding="UTF-8"?>
<!-- Generated by org.testng.reporters.JUnitReportReporter -->
<testsuite hostname="Suhass-MacBook-Air.local" failures="0" tests="1" name="com.tekpyramid.restassured.sampletest.ExecuteStaticMethods" time="0.003" errors="0" timestamp="2024-06-21T10:56:37 IST" skipped="0">
  <testcase classname="com.tekpyramid.restassured.sampletest.ExecuteStaticMethods" name="executeMethods" time="0.003"/>
  <system-out/>
</testsuite> <!-- com.tekpyramid.restassured.sampletest.ExecuteStaticMethods -->
