<?xml version="1.0" encoding="UTF-8"?>
<!-- Generated by org.testng.reporters.JUnitReportReporter -->
<testsuite hostname="Suhass-MacBook-Air.local" failures="0" tests="1" name="practice.postrequest.PostRequestViaJSON" time="0.604" errors="0" timestamp="2024-06-30T12:59:08 IST" skipped="0">
  <testcase classname="practice.postrequest.PostRequestViaJSON" name="createDataIntoServer" time="0.604"/>
  <system-out/>
</testsuite> <!-- practice.postrequest.PostRequestViaJSON -->
