<?xml version="1.0" encoding="UTF-8"?>
<!-- Generated by org.testng.reporters.JUnitReportReporter -->
<testsuite hostname="Suhass-MacBook-Air.local" failures="0" tests="1" name="practice.requestchaining.Scenario2_AddEmployeeToProject" time="0.931" errors="0" timestamp="2024-06-30T18:32:52 IST" skipped="0">
  <testcase classname="practice.requestchaining.Scenario2_AddEmployeeToProject" name="createDataIntoServer" time="0.931"/>
  <system-out/>
</testsuite> <!-- practice.requestchaining.Scenario2_AddEmployeeToProject -->
