<?xml version="1.0" encoding="UTF-8"?>
<!-- Generated by org.testng.reporters.JUnitReportReporter -->
<testsuite hostname="Suhass-MacBook-Air.local" failures="0" tests="1" name="practice.postrequest.PostRequestViaHashMap" time="0.681" errors="0" timestamp="2024-06-30T13:06:21 IST" skipped="0">
  <testcase classname="practice.postrequest.PostRequestViaHashMap" name="createDataIntoServer" time="0.681"/>
  <system-out/>
</testsuite> <!-- practice.postrequest.PostRequestViaHashMap -->
