<?xml version="1.0" encoding="UTF-8"?>
<!-- Generated by org.testng.reporters.JUnitReportReporter -->
<testsuite hostname="Suhass-MacBook-Air.local" failures="0" tests="1" name="com.tekpyramid.crudwithoutbdd.UpdateTest" time="0.501" errors="0" timestamp="2024-06-21T18:20:24 IST" skipped="0">
  <testcase classname="com.tekpyramid.crudwithoutbdd.UpdateTest" name="createDataIntoServer" time="0.501"/>
  <system-out/>
</testsuite> <!-- com.tekpyramid.crudwithoutbdd.UpdateTest -->
