<?xml version="1.0" encoding="UTF-8"?>
<!-- Generated by org.testng.reporters.JUnitReportReporter -->
<testsuite hostname="Suhass-MacBook-Air.local" failures="0" tests="1" name="practice.withbdd.ReadTest" time="0.519" errors="0" timestamp="2024-06-27T10:05:58 IST" skipped="0">
  <testcase classname="practice.withbdd.ReadTest" name="readDataFromServer" time="0.519"/>
  <system-out/>
</testsuite> <!-- practice.withbdd.ReadTest -->
