<?xml version="1.0" encoding="UTF-8"?>
<!-- Generated by org.testng.reporters.JUnitReportReporter -->
<testsuite hostname="Suhass-MacBook-Air.local" failures="0" tests="1" name="practice.withoutbdd.DeleteTest" time="0.481" errors="0" timestamp="2024-06-26T18:10:21 IST" skipped="0">
  <testcase classname="practice.withoutbdd.DeleteTest" name="sampleTest" time="0.481"/>
  <system-out/>
</testsuite> <!-- practice.withoutbdd.DeleteTest -->
