<?xml version="1.0" encoding="UTF-8"?>
<!-- Generated by org.testng.reporters.JUnitReportReporter -->
<testsuite hostname="Suhass-MacBook-Air.local" failures="0" tests="1" name="practice.testing.SampleTest" time="0.745" errors="0" timestamp="2024-06-26T15:54:22 IST" skipped="0">
  <testcase classname="practice.testing.SampleTest" name="test" time="0.745"/>
  <system-out/>
</testsuite> <!-- practice.testing.SampleTest -->
