<?xml version="1.0" encoding="UTF-8"?>
<!-- Generated by org.testng.reporters.JUnitReportReporter -->
<testsuite hostname="Suhass-MacBook-Air.local" failures="0" tests="1" name="com.tekpyramid.requestchaining.Scenario_3_GetPayrollInfo" time="0.885" errors="0" timestamp="2024-06-30T19:09:46 IST" skipped="0">
  <testcase classname="com.tekpyramid.requestchaining.Scenario_3_GetPayrollInfo" name="sampleTest" time="0.885"/>
  <system-out/>
</testsuite> <!-- com.tekpyramid.requestchaining.Scenario_3_GetPayrollInfo -->
