<?xml version="1.0" encoding="UTF-8"?>
<!-- Generated by org.testng.reporters.JUnitReportReporter -->
<testsuite hostname="Suhass-MacBook-Air.local" failures="0" tests="1" name="com.tekpyramid.crudwithoutbdd.CompleteUpdateTest" time="0.487" errors="0" timestamp="2024-06-21T18:30:43 IST" skipped="0">
  <testcase classname="com.tekpyramid.crudwithoutbdd.CompleteUpdateTest" name="updateDataIntoServer" time="0.487"/>
  <system-out/>
</testsuite> <!-- com.tekpyramid.crudwithoutbdd.CompleteUpdateTest -->
