<?xml version="1.0" encoding="UTF-8"?>
<!-- Generated by org.testng.reporters.JUnitReportReporter -->
<testsuite hostname="Suhass-MacBook-Air.local" failures="0" tests="1" name="com.tekpyramid.postrequest.PostRequestViaJson$CreateTest" time="0.515" errors="0" timestamp="2024-06-24T14:33:06 IST" skipped="0">
  <testcase classname="com.tekpyramid.postrequest.PostRequestViaJson$CreateTest" name="createDataIntoServer" time="0.515"/>
  <system-out/>
</testsuite> <!-- com.tekpyramid.postrequest.PostRequestViaJson$CreateTest -->
