<?xml version="1.0" encoding="UTF-8"?>
<!-- Generated by org.testng.reporters.JUnitReportReporter -->
<testsuite hostname="Suhass-MacBook-Air.local" failures="0" tests="1" name="practice.withoutbdd.CompleteUpdateTest" time="0.507" errors="0" timestamp="2024-06-26T18:03:56 IST" skipped="0">
  <testcase classname="practice.withoutbdd.CompleteUpdateTest" name="updateTest" time="0.507"/>
  <system-out/>
</testsuite> <!-- practice.withoutbdd.CompleteUpdateTest -->
