<?xml version="1.0" encoding="UTF-8"?>
<!-- Generated by org.testng.reporters.JUnitReportReporter -->
<testsuite hostname="Suhass-MacBook-Air.local" failures="0" tests="1" name="practice.requestchaining.Scenario3_GetPayrollInfo" time="0.863" errors="0" timestamp="2024-06-30T19:10:49 IST" skipped="0">
  <testcase classname="practice.requestchaining.Scenario3_GetPayrollInfo" name="sampleTest" time="0.863"/>
  <system-out/>
</testsuite> <!-- practice.requestchaining.Scenario3_GetPayrollInfo -->
