<?xml version="1.0" encoding="UTF-8"?>
<!-- Generated by org.testng.reporters.JUnitReportReporter -->
<testsuite hostname="Suhass-MacBook-Air.local" failures="0" tests="1" name="com.tekpyramid.crudwithbdd.PartialUpdateTest" time="0.491" errors="0" timestamp="2024-06-24T10:12:31 IST" skipped="0">
  <testcase classname="com.tekpyramid.crudwithbdd.PartialUpdateTest" name="updateDataIntoServer" time="0.491"/>
  <system-out/>
</testsuite> <!-- com.tekpyramid.crudwithbdd.PartialUpdateTest -->
