<?xml version="1.0" encoding="UTF-8"?>
<!-- Generated by org.testng.reporters.JUnitReportReporter -->
<testsuite hostname="Suhass-MacBook-Air.local" failures="0" tests="1" name="com.tekpyramid.requestchaining.Scenario1_DeleteProject" time="1.011" errors="0" timestamp="2024-06-25T11:11:29 IST" skipped="0">
  <testcase classname="com.tekpyramid.requestchaining.Scenario1_DeleteProject" name="createDataIntoServer" time="1.011"/>
  <system-out/>
</testsuite> <!-- com.tekpyramid.requestchaining.Scenario1_DeleteProject -->
