<?xml version="1.0" encoding="UTF-8"?>
<!-- Generated by org.testng.reporters.JUnitReportReporter -->
<testsuite hostname="Suhass-MacBook-Air.local" failures="0" tests="1" name="com.tekpyramid.restassured.practice.MethodChainingSampleTest" time="0.647" errors="0" timestamp="2024-06-21T13:25:05 IST" skipped="0">
  <testcase classname="com.tekpyramid.restassured.practice.MethodChainingSampleTest" name="getRequestTest" time="0.647"/>
  <system-out/>
</testsuite> <!-- com.tekpyramid.restassured.practice.MethodChainingSampleTest -->
