<?xml version="1.0" encoding="UTF-8"?>
<!-- Generated by org.testng.reporters.JUnitReportReporter -->
<testsuite hostname="Suhass-MacBook-Air.local" failures="0" tests="1" name="com.tekpyramid.typesofparameters.QueryParameter" time="0.493" errors="0" timestamp="2024-07-01T18:03:00 IST" skipped="0">
  <testcase classname="com.tekpyramid.typesofparameters.QueryParameter" name="sampleTest" time="0.493"/>
  <system-out/>
</testsuite> <!-- com.tekpyramid.typesofparameters.QueryParameter -->
