<?xml version="1.0" encoding="UTF-8"?>
<!-- Generated by org.testng.reporters.JUnitReportReporter -->
<testsuite hostname="Suhass-MacBook-Air.local" failures="0" tests="1" name="com.tekpyramid.authorization.BearerToken" time="1.373" errors="0" timestamp="2024-06-26T12:26:46 IST" skipped="0">
  <testcase classname="com.tekpyramid.authorization.BearerToken" name="bearerTokenAuthTest" time="1.373"/>
  <system-out/>
</testsuite> <!-- com.tekpyramid.authorization.BearerToken -->
