<?xml version="1.0" encoding="UTF-8"?>
<!-- Generated by org.testng.reporters.JUnitReportReporter -->
<testsuite hostname="Suhass-MacBook-Air.local" failures="0" tests="1" name="com.tekpyramid.petstore.uploadimage.uploadImage" time="1.922" errors="0" timestamp="2024-08-05T17:19:40 IST" skipped="0">
  <testcase classname="com.tekpyramid.petstore.uploadimage.uploadImage" name="uploadImageIntoServer" time="1.922"/>
  <system-out/>
</testsuite> <!-- com.tekpyramid.petstore.uploadimage.uploadImage -->
