<?xml version="1.0" encoding="UTF-8"?>
<!-- Generated by org.testng.reporters.JUnitReportReporter -->
<testsuite hostname="Suhass-MacBook-Air.local" failures="0" tests="1" name="practice.responsevalidation.VerifyResponseBodyViaJSONPath" time="0.735" errors="0" timestamp="2024-06-30T16:21:19 IST" skipped="0">
  <testcase classname="practice.responsevalidation.VerifyResponseBodyViaJSONPath" name="verifyResponseBodyViaJson" time="0.735"/>
  <system-out/>
</testsuite> <!-- practice.responsevalidation.VerifyResponseBodyViaJSONPath -->
