<?xml version="1.0" encoding="UTF-8"?>
<!-- Generated by org.testng.reporters.JUnitReportReporter -->
<testsuite hostname="Suhass-MacBook-Air.local" failures="0" tests="1" name="com.tekpyramid.postrequest.PostRequestViaHashMap" time="0.620" errors="0" timestamp="2024-06-24T14:48:17 IST" skipped="0">
  <testcase classname="com.tekpyramid.postrequest.PostRequestViaHashMap" name="createDataIntoServer" time="0.620"/>
  <system-out/>
</testsuite> <!-- com.tekpyramid.postrequest.PostRequestViaHashMap -->
