<?xml version="1.0" encoding="UTF-8"?>
<!-- Generated by org.testng.reporters.JUnitReportReporter -->
<testsuite hostname="Suhass-MacBook-Air.local" failures="0" tests="1" name="com.tekpyramid.pancardmocking.CreditCardPaymentTest" time="0.563" errors="0" timestamp="2024-06-29T12:28:40 IST" skipped="0">
  <testcase classname="com.tekpyramid.pancardmocking.CreditCardPaymentTest" name="sampleTest" time="0.563"/>
  <system-out/>
</testsuite> <!-- com.tekpyramid.pancardmocking.CreditCardPaymentTest -->
