<?xml version="1.0" encoding="UTF-8"?>
<!-- Generated by org.testng.reporters.JUnitReportReporter -->
<testsuite hostname="Suhass-MacBook-Air.local" failures="0" tests="1" name="practice.postrequest.PostRequestViaJSONFile" time="0.540" errors="0" timestamp="2024-06-30T13:32:23 IST" skipped="0">
  <testcase classname="practice.postrequest.PostRequestViaJSONFile" name="createDataIntoServer" time="0.540"/>
  <system-out/>
</testsuite> <!-- practice.postrequest.PostRequestViaJSONFile -->
