<?xml version="1.0" encoding="UTF-8"?>
<!-- Generated by org.testng.reporters.JUnitReportReporter -->
<testsuite hostname="Suhass-MacBook-Air.local" failures="0" tests="1" name="com.tekpyramid.crudwithbdd.CompleteUpdateTest" time="0.499" errors="0" timestamp="2024-06-24T10:04:13 IST" skipped="0">
  <testcase classname="com.tekpyramid.crudwithbdd.CompleteUpdateTest" name="updateDataIntoServer" time="0.499"/>
  <system-out/>
</testsuite> <!-- com.tekpyramid.crudwithbdd.CompleteUpdateTest -->
