<?xml version="1.0" encoding="UTF-8"?>
<!-- Generated by org.testng.reporters.JUnitReportReporter -->
<testsuite hostname="Suhass-MacBook-Air.local" failures="0" tests="1" name="com.tekpyramid.restassured.practice.ExecuteMethodChaining" time="0.006" errors="0" timestamp="2024-06-26T16:56:07 IST" skipped="0">
  <testcase classname="com.tekpyramid.restassured.practice.ExecuteMethodChaining" name="executeChaining" time="0.006"/>
  <system-out/>
</testsuite> <!-- com.tekpyramid.restassured.practice.ExecuteMethodChaining -->
