<?xml version="1.0" encoding="UTF-8"?>
<!-- Generated by org.testng.reporters.JUnitReportReporter -->
<testsuite hostname="Suhass-MacBook-Air.local" failures="0" tests="1" name="com.tekpyramid.crudwithbdd.DeleteTest" time="0.487" errors="0" timestamp="2024-06-24T10:16:40 IST" skipped="0">
  <testcase classname="com.tekpyramid.crudwithbdd.DeleteTest" name="deleteDataFromServer" time="0.487"/>
  <system-out/>
</testsuite> <!-- com.tekpyramid.crudwithbdd.DeleteTest -->
