<?xml version="1.0" encoding="UTF-8"?>
<!-- Generated by org.testng.reporters.JUnitReportReporter -->
<testsuite hostname="Suhass-MacBook-Air.local" failures="0" tests="1" name="practice.responsevalidation.VerifyResponseTime" time="0.628" errors="0" timestamp="2024-06-30T15:23:29 IST" skipped="0">
  <testcase classname="practice.responsevalidation.VerifyResponseTime" name="verifyTime" time="0.628"/>
  <system-out/>
</testsuite> <!-- practice.responsevalidation.VerifyResponseTime -->
