<?xml version="1.0" encoding="UTF-8"?>
<!-- Generated by org.testng.reporters.JUnitReportReporter -->
<testsuite hostname="Suhass-MacBook-Air.local" failures="0" tests="1" name="com.tekpyramid.crudwithoutbdd.PartialUpdateTest" time="0.505" errors="0" timestamp="2024-06-21T18:31:10 IST" skipped="0">
  <testcase classname="com.tekpyramid.crudwithoutbdd.PartialUpdateTest" name="updateDataIntoServer" time="0.505"/>
  <system-out/>
</testsuite> <!-- com.tekpyramid.crudwithoutbdd.PartialUpdateTest -->
